This file contains any messages produced by compilers while
running configure, to aid debugging if configure makes a mistake.

It was created by configure, which was
generated by GNU Autoconf 2.59 (OpenPKG-CURRENT).  Invocation command line was

  $ configure 

## --------- ##
## Platform. ##
## --------- ##

hostname = tucana.tuc.noao.edu
uname -m = i686
uname -r = 2.4.29-4aslsmp
uname -s = Linux
uname -v = #1 SMP Wed Feb 16 05:07:51 EST 2005

/usr/bin/uname -p = unknown
/bin/uname -X     = unknown

/bin/arch              = i686
/usr/bin/arch -k       = unknown
/usr/convex/getsysinfo = unknown
hostinfo               = unknown
/bin/machine           = unknown
/usr/bin/oslevel       = unknown
/bin/universe          = unknown

PATH: /usr/java/j2sdk//bin
PATH: /usr/local/nvoss//bin
PATH: /usr/local/nvoss//java/apache-ant-1.6.5/bin
PATH: /usr/java/j2sdk//bin
PATH: /home/fitz/nvoss05-fc1/nvoss2005//bin
PATH: /home/fitz/nvoss05-fc1/nvoss2005//java/apache-ant-1.6.5/bin
PATH: /usr/java/j2sdk//bin
PATH: /home/fitz/nvoss05-fc1/nvoss2005//bin
PATH: /home/fitz/nvoss05-fc1/nvoss2005//java/apache-ant-1.6.5/bin
PATH: /usr/java/j2sdk//bin
PATH: /home/fitz/nvoss05-fc1/nvoss2005//bin
PATH: /home/fitz/nvoss05-fc1/nvoss2005//java/apache-ant-1.6.5/bin
PATH: /usr/java/j2sdk//bin
PATH: /usr/local//nvoss/bin
PATH: /usr/local//nvoss/apache-ant-1.5.2/bin
PATH: .
PATH: /home/fitz/bin
PATH: /sbin
PATH: /usr/sbin
PATH: /usr/bin/X11
PATH: /etc/
PATH: usr/etc
PATH: /usr/lib
PATH: /usr/local/Acrobat4/bin
PATH: /usr/java/j2sdk/bin
PATH: .
PATH: /home/fitz/bin
PATH: /sbin
PATH: /usr/sbin
PATH: /usr/bin/X11
PATH: /etc/
PATH: usr/etc
PATH: /usr/lib
PATH: /usr/local/Acrobat4/bin
PATH: /usr/java/j2sdk/bin
PATH: /usr/kerberos/bin
PATH: /usr/local/bin
PATH: /bin
PATH: /usr/bin
PATH: /usr/X11R6/bin


## ----------- ##
## Core tests. ##
## ----------- ##

configure:1512: result: 
configure:1514: result: [1mBuild Tools:[m
configure:1563: checking for gcc
configure:1589: result: gcc
configure:1833: checking for C compiler version
configure:1836: gcc --version </dev/null >&5
gcc (GCC) 3.2.2 20030222 (Red Hat Linux 3.2.2-5)
Copyright (C) 2002 Free Software Foundation, Inc.
This is free software; see the source for copying conditions.  There is NO
warranty; not even for MERCHANTABILITY or FITNESS FOR A PARTICULAR PURPOSE.

configure:1839: $? = 0
configure:1841: gcc -v </dev/null >&5
Reading specs from /usr/lib/gcc-lib/i386-redhat-linux/3.2.2/specs
Configured with: ../configure --prefix=/usr --mandir=/usr/share/man --infodir=/usr/share/info --enable-shared --enable-threads=posix --disable-checking --with-system-zlib --enable-__cxa_atexit --host=i386-redhat-linux
Thread model: posix
gcc version 3.2.2 20030222 (Red Hat Linux 3.2.2-5)
configure:1844: $? = 0
configure:1846: gcc -V </dev/null >&5
gcc: argument to `-V' is missing
configure:1849: $? = 1
configure:1872: checking for C compiler default output file name
configure:1875: gcc    conftest.c  >&5
configure:1878: $? = 0
configure:1924: result: a.out
configure:1929: checking whether the C compiler works
configure:1935: ./a.out
configure:1938: $? = 0
configure:1955: result: yes
configure:1962: checking whether we are cross compiling
configure:1964: result: no
configure:1967: checking for suffix of executables
configure:1969: gcc -o conftest    conftest.c  >&5
configure:1972: $? = 0
configure:1997: result: 
configure:2003: checking for suffix of object files
configure:2024: gcc -c   conftest.c >&5
configure:2027: $? = 0
configure:2049: result: o
configure:2053: checking whether we are using the GNU C compiler
configure:2077: gcc -c   conftest.c >&5
configure:2083: $? = 0
configure:2087: test -z 
			 || test ! -s conftest.err
configure:2090: $? = 0
configure:2093: test -s conftest.o
configure:2096: $? = 0
configure:2109: result: yes
configure:2115: checking whether gcc accepts -g
configure:2136: gcc -c -g  conftest.c >&5
configure:2142: $? = 0
configure:2146: test -z 
			 || test ! -s conftest.err
configure:2149: $? = 0
configure:2152: test -s conftest.o
configure:2155: $? = 0
configure:2166: result: yes
configure:2183: checking for gcc option to accept ANSI C
configure:2253: gcc  -c -g -O2  conftest.c >&5
configure:2259: $? = 0
configure:2263: test -z 
			 || test ! -s conftest.err
configure:2266: $? = 0
configure:2269: test -s conftest.o
configure:2272: $? = 0
configure:2290: result: none needed
configure:2308: gcc -c -g -O2  conftest.c >&5
conftest.c:2: parse error before "me"
configure:2314: $? = 1
configure: failed program was:
| #ifndef __cplusplus
|   choke me
| #endif
configure:2452: checking how to run the C preprocessor
configure:2487: gcc -E  conftest.c
configure:2493: $? = 0
configure:2525: gcc -E  conftest.c
conftest.c:9:28: ac_nonexistent.h: No such file or directory
configure:2531: $? = 1
configure: failed program was:
| /* confdefs.h.  */
| 
| #define PACKAGE_NAME ""
| #define PACKAGE_TARNAME ""
| #define PACKAGE_VERSION ""
| #define PACKAGE_STRING ""
| #define PACKAGE_BUGREPORT ""
| /* end confdefs.h.  */
| #include <ac_nonexistent.h>
configure:2570: result: gcc -E
configure:2594: gcc -E  conftest.c
configure:2600: $? = 0
configure:2632: gcc -E  conftest.c
conftest.c:9:28: ac_nonexistent.h: No such file or directory
configure:2638: $? = 1
configure: failed program was:
| /* confdefs.h.  */
| 
| #define PACKAGE_NAME ""
| #define PACKAGE_TARNAME ""
| #define PACKAGE_VERSION ""
| #define PACKAGE_STRING ""
| #define PACKAGE_BUGREPORT ""
| /* end confdefs.h.  */
| #include <ac_nonexistent.h>
configure:2681: checking for compilation debug mode
configure:2718: result: disabled
configure:2721: checking whether make sets $(MAKE)
configure:2741: result: yes
configure:3320: checking build system type
configure:3338: result: i686-pc-linux-gnu
configure:3346: checking host system type
configure:3360: result: i686-pc-linux-gnu
configure:3368: checking for a sed that does not truncate output
configure:3422: result: /bin/sed
configure:3425: checking for egrep
configure:3435: result: grep -E
configure:3451: checking for ld used by gcc
configure:3518: result: /usr/bin/ld
configure:3527: checking if the linker (/usr/bin/ld) is GNU ld
configure:3542: result: yes
configure:3547: checking for /usr/bin/ld option to reload object files
configure:3554: result: -r
configure:3572: checking for BSD-compatible nm
configure:3614: result: /usr/bin/nm -B
configure:3618: checking whether ln -s works
configure:3622: result: yes
configure:3629: checking how to recognise dependent libraries
configure:3801: result: pass_all
configure:4011: checking for ANSI C header files
configure:4036: gcc -c -O2  conftest.c >&5
configure:4042: $? = 0
configure:4046: test -z 
			 || test ! -s conftest.err
configure:4049: $? = 0
configure:4052: test -s conftest.o
configure:4055: $? = 0
configure:4141: gcc -o conftest -O2   conftest.c  >&5
configure:4144: $? = 0
configure:4146: ./conftest
configure:4149: $? = 0
configure:4164: result: yes
configure:4188: checking for sys/types.h
configure:4204: gcc -c -O2  conftest.c >&5
configure:4210: $? = 0
configure:4214: test -z 
			 || test ! -s conftest.err
configure:4217: $? = 0
configure:4220: test -s conftest.o
configure:4223: $? = 0
configure:4234: result: yes
configure:4188: checking for sys/stat.h
configure:4204: gcc -c -O2  conftest.c >&5
configure:4210: $? = 0
configure:4214: test -z 
			 || test ! -s conftest.err
configure:4217: $? = 0
configure:4220: test -s conftest.o
configure:4223: $? = 0
configure:4234: result: yes
configure:4188: checking for stdlib.h
configure:4204: gcc -c -O2  conftest.c >&5
configure:4210: $? = 0
configure:4214: test -z 
			 || test ! -s conftest.err
configure:4217: $? = 0
configure:4220: test -s conftest.o
configure:4223: $? = 0
configure:4234: result: yes
configure:4188: checking for string.h
configure:4204: gcc -c -O2  conftest.c >&5
configure:4210: $? = 0
configure:4214: test -z 
			 || test ! -s conftest.err
configure:4217: $? = 0
configure:4220: test -s conftest.o
configure:4223: $? = 0
configure:4234: result: yes
configure:4188: checking for memory.h
configure:4204: gcc -c -O2  conftest.c >&5
configure:4210: $? = 0
configure:4214: test -z 
			 || test ! -s conftest.err
configure:4217: $? = 0
configure:4220: test -s conftest.o
configure:4223: $? = 0
configure:4234: result: yes
configure:4188: checking for strings.h
configure:4204: gcc -c -O2  conftest.c >&5
configure:4210: $? = 0
configure:4214: test -z 
			 || test ! -s conftest.err
configure:4217: $? = 0
configure:4220: test -s conftest.o
configure:4223: $? = 0
configure:4234: result: yes
configure:4188: checking for inttypes.h
configure:4204: gcc -c -O2  conftest.c >&5
configure:4210: $? = 0
configure:4214: test -z 
			 || test ! -s conftest.err
configure:4217: $? = 0
configure:4220: test -s conftest.o
configure:4223: $? = 0
configure:4234: result: yes
configure:4188: checking for stdint.h
configure:4204: gcc -c -O2  conftest.c >&5
configure:4210: $? = 0
configure:4214: test -z 
			 || test ! -s conftest.err
configure:4217: $? = 0
configure:4220: test -s conftest.o
configure:4223: $? = 0
configure:4234: result: yes
configure:4188: checking for unistd.h
configure:4204: gcc -c -O2  conftest.c >&5
configure:4210: $? = 0
configure:4214: test -z 
			 || test ! -s conftest.err
configure:4217: $? = 0
configure:4220: test -s conftest.o
configure:4223: $? = 0
configure:4234: result: yes
configure:4260: checking dlfcn.h usability
configure:4272: gcc -c -O2  conftest.c >&5
configure:4278: $? = 0
configure:4282: test -z 
			 || test ! -s conftest.err
configure:4285: $? = 0
configure:4288: test -s conftest.o
configure:4291: $? = 0
configure:4301: result: yes
configure:4305: checking dlfcn.h presence
configure:4315: gcc -E  conftest.c
configure:4321: $? = 0
configure:4341: result: yes
configure:4376: checking for dlfcn.h
configure:4383: result: yes
configure:4448: checking for g++
configure:4464: found /usr/bin/g++
configure:4474: result: g++
configure:4490: checking for C++ compiler version
configure:4493: g++ --version </dev/null >&5
g++ (GCC) 3.2.2 20030222 (Red Hat Linux 3.2.2-5)
Copyright (C) 2002 Free Software Foundation, Inc.
This is free software; see the source for copying conditions.  There is NO
warranty; not even for MERCHANTABILITY or FITNESS FOR A PARTICULAR PURPOSE.

configure:4496: $? = 0
configure:4498: g++ -v </dev/null >&5
Reading specs from /usr/lib/gcc-lib/i386-redhat-linux/3.2.2/specs
Configured with: ../configure --prefix=/usr --mandir=/usr/share/man --infodir=/usr/share/info --enable-shared --enable-threads=posix --disable-checking --with-system-zlib --enable-__cxa_atexit --host=i386-redhat-linux
Thread model: posix
gcc version 3.2.2 20030222 (Red Hat Linux 3.2.2-5)
configure:4501: $? = 0
configure:4503: g++ -V </dev/null >&5
g++: argument to `-V' missing

configure:4506: $? = 1
configure:4509: checking whether we are using the GNU C++ compiler
configure:4533: g++ -c   conftest.cc >&5
configure:4539: $? = 0
configure:4543: test -z 
			 || test ! -s conftest.err
configure:4546: $? = 0
configure:4549: test -s conftest.o
configure:4552: $? = 0
configure:4565: result: yes
configure:4571: checking whether g++ accepts -g
configure:4592: g++ -c -g  conftest.cc >&5
configure:4598: $? = 0
configure:4602: test -z 
			 || test ! -s conftest.err
configure:4605: $? = 0
configure:4608: test -s conftest.o
configure:4611: $? = 0
configure:4622: result: yes
configure:4664: g++ -c -g -O2  conftest.cc >&5
configure:4670: $? = 0
configure:4674: test -z 
			 || test ! -s conftest.err
configure:4677: $? = 0
configure:4680: test -s conftest.o
configure:4683: $? = 0
configure:4709: g++ -c -g -O2  conftest.cc >&5
conftest.cc: In function `int main()':
conftest.cc:24: `exit' undeclared (first use this function)
conftest.cc:24: (Each undeclared identifier is reported only once for each 
   function it appears in.)
configure:4715: $? = 1
configure: failed program was:
| /* confdefs.h.  */
| 
| #define PACKAGE_NAME ""
| #define PACKAGE_TARNAME ""
| #define PACKAGE_VERSION ""
| #define PACKAGE_STRING ""
| #define PACKAGE_BUGREPORT ""
| #define STDC_HEADERS 1
| #define HAVE_SYS_TYPES_H 1
| #define HAVE_SYS_STAT_H 1
| #define HAVE_STDLIB_H 1
| #define HAVE_STRING_H 1
| #define HAVE_MEMORY_H 1
| #define HAVE_STRINGS_H 1
| #define HAVE_INTTYPES_H 1
| #define HAVE_STDINT_H 1
| #define HAVE_UNISTD_H 1
| #define HAVE_DLFCN_H 1
| /* end confdefs.h.  */
| 
| int
| main ()
| {
| exit (42);
|   ;
|   return 0;
| }
configure:4664: g++ -c -g -O2  conftest.cc >&5
configure:4670: $? = 0
configure:4674: test -z 
			 || test ! -s conftest.err
configure:4677: $? = 0
configure:4680: test -s conftest.o
configure:4683: $? = 0
configure:4709: g++ -c -g -O2  conftest.cc >&5
configure:4715: $? = 0
configure:4719: test -z 
			 || test ! -s conftest.err
configure:4722: $? = 0
configure:4725: test -s conftest.o
configure:4728: $? = 0
configure:4761: checking how to run the C++ preprocessor
configure:4792: g++ -E  conftest.cc
configure:4798: $? = 0
configure:4830: g++ -E  conftest.cc
conftest.cc:23:28: ac_nonexistent.h: No such file or directory
configure:4836: $? = 1
configure: failed program was:
| /* confdefs.h.  */
| 
| #define PACKAGE_NAME ""
| #define PACKAGE_TARNAME ""
| #define PACKAGE_VERSION ""
| #define PACKAGE_STRING ""
| #define PACKAGE_BUGREPORT ""
| #define STDC_HEADERS 1
| #define HAVE_SYS_TYPES_H 1
| #define HAVE_SYS_STAT_H 1
| #define HAVE_STDLIB_H 1
| #define HAVE_STRING_H 1
| #define HAVE_MEMORY_H 1
| #define HAVE_STRINGS_H 1
| #define HAVE_INTTYPES_H 1
| #define HAVE_STDINT_H 1
| #define HAVE_UNISTD_H 1
| #define HAVE_DLFCN_H 1
| #ifdef __cplusplus
| extern "C" void std::exit (int) throw (); using std::exit;
| #endif
| /* end confdefs.h.  */
| #include <ac_nonexistent.h>
configure:4875: result: g++ -E
configure:4899: g++ -E  conftest.cc
configure:4905: $? = 0
configure:4937: g++ -E  conftest.cc
conftest.cc:23:28: ac_nonexistent.h: No such file or directory
configure:4943: $? = 1
configure: failed program was:
| /* confdefs.h.  */
| 
| #define PACKAGE_NAME ""
| #define PACKAGE_TARNAME ""
| #define PACKAGE_VERSION ""
| #define PACKAGE_STRING ""
| #define PACKAGE_BUGREPORT ""
| #define STDC_HEADERS 1
| #define HAVE_SYS_TYPES_H 1
| #define HAVE_SYS_STAT_H 1
| #define HAVE_STDLIB_H 1
| #define HAVE_STRING_H 1
| #define HAVE_MEMORY_H 1
| #define HAVE_STRINGS_H 1
| #define HAVE_INTTYPES_H 1
| #define HAVE_STDINT_H 1
| #define HAVE_UNISTD_H 1
| #define HAVE_DLFCN_H 1
| #ifdef __cplusplus
| extern "C" void std::exit (int) throw (); using std::exit;
| #endif
| /* end confdefs.h.  */
| #include <ac_nonexistent.h>
configure:5084: checking for Fortran 77 compiler version
configure:5084: /iraf/iraf/unix/hlib//f77.sh --version </dev/null >&5
invalid parameter --version
configure:5087: $? = 0
configure:5089: /iraf/iraf/unix/hlib//f77.sh -v </dev/null >&5
invalid parameter -v
configure:5092: $? = 0
configure:5094: /iraf/iraf/unix/hlib//f77.sh -V </dev/null >&5
invalid parameter -V
configure:5097: $? = 0
configure:5105: checking whether we are using the GNU Fortran 77 compiler
configure:5119: /iraf/iraf/unix/hlib//f77.sh -c  conftest.F >&5
sed: -e expression #1, char 69: Invalid reference \1 on `s' command's RHS
f2ctmp_conftest.f:
configure:5125: $? = 4
configure: failed program was:
|       program main
| #ifndef __GNUC__
|        choke me
| #endif
| 
|       end
configure:5151: result: no
configure:5157: checking whether /iraf/iraf/unix/hlib//f77.sh accepts -g
configure:5169: /iraf/iraf/unix/hlib//f77.sh -c -g conftest.f >&5
conftest.f:
   MAIN main:
configure:5175: $? = 0
configure:5179: test -z 
			 || test ! -s conftest.err
configure:5182: $? = 0
configure:5185: test -s conftest.o
configure:5188: $? = 0
configure:5200: result: yes
configure:5230: checking the maximum length of command line arguments
configure:5322: result: 32768
configure:5333: checking command to parse /usr/bin/nm -B output from gcc object
configure:5429: gcc -c -O2  conftest.c >&5
configure:5432: $? = 0
configure:5436: /usr/bin/nm -B conftest.o \| sed -n -e 's/^.*[ 	]\([ABCDGIRSTW][ABCDGIRSTW]*\)[ 	][ 	]*\([_A-Za-z][_A-Za-z0-9]*\)$/\1 \2 \2/p' \> conftest.nm
configure:5439: $? = 0
configure:5491: gcc -o conftest -O2   conftest.c conftstm.o >&5
configure:5494: $? = 0
configure:5532: result: ok
configure:5536: checking for objdir
configure:5551: result: .libs
configure:5641: checking for ar
configure:5657: found /usr/bin/ar
configure:5668: result: ar
configure:5721: checking for ranlib
configure:5748: result: ranlib
configure:5801: checking for strip
configure:5817: found /usr/bin/strip
configure:5828: result: strip
configure:6115: checking if gcc static flag  works
configure:6143: result: yes
configure:6165: checking if gcc supports -fno-rtti -fno-exceptions
configure:6186: gcc -c -O2  -fno-rtti -fno-exceptions conftest.c >&5
configure:6190: $? = 0
configure:6200: result: yes
configure:6215: checking for gcc option to produce PIC
configure:6419: result: -fPIC
configure:6427: checking if gcc PIC flag -fPIC works
configure:6448: gcc -c -O2  -fPIC -DPIC conftest.c >&5
configure:6452: $? = 0
configure:6462: result: yes
configure:6486: checking if gcc supports -c -o file.o
configure:6510: gcc -c -O2  -o out/conftest2.o conftest.c >&5
configure:6514: $? = 0
configure:6533: result: yes
configure:6559: checking whether the gcc linker (/usr/bin/ld) supports shared libraries
configure:7455: result: yes
configure:7481: checking whether -lc should be explicitly linked in
configure:7486: gcc -c -O2  conftest.c >&5
configure:7489: $? = 0
configure:7503: gcc -shared conftest.o  -v -Wl,-soname -Wl,conftest -o conftest 2\>\&1 \| grep  -lc  \>/dev/null 2\>\&1
configure:7506: $? = 0
configure:7518: result: no
configure:7526: checking dynamic linker characteristics
configure:8080: result: GNU/Linux ld.so
configure:8084: checking how to hardcode library paths into programs
configure:8109: result: immediate
configure:8123: checking whether stripping libraries is possible
configure:8128: result: yes
configure:8958: checking if libtool supports shared libraries
configure:8960: result: yes
configure:8963: checking whether to build shared libraries
configure:8984: result: yes
configure:8987: checking whether to build static libraries
configure:8991: result: yes
configure:9083: creating libtool
configure:9661: checking for ld used by g++
configure:9728: result: /usr/bin/ld
configure:9737: checking if the linker (/usr/bin/ld) is GNU ld
configure:9752: result: yes
configure:9803: checking whether the g++ linker (/usr/bin/ld) supports shared libraries
configure:10683: result: yes
configure:10705: g++ -c -g -O2  conftest.cpp >&5
configure:10708: $? = 0
configure:10818: checking for g++ option to produce PIC
configure:11086: result: -fPIC
configure:11094: checking if g++ PIC flag -fPIC works
configure:11115: g++ -c -g -O2  -fPIC -DPIC conftest.cpp >&5
configure:11119: $? = 0
configure:11129: result: yes
configure:11153: checking if g++ supports -c -o file.o
configure:11177: g++ -c -g -O2  -o out/conftest2.o conftest.cpp >&5
configure:11181: $? = 0
configure:11200: result: yes
configure:11226: checking whether the g++ linker (/usr/bin/ld) supports shared libraries
configure:11251: result: yes
configure:11322: checking dynamic linker characteristics
configure:11876: result: GNU/Linux ld.so
configure:11880: checking how to hardcode library paths into programs
configure:11905: result: immediate
configure:11919: checking whether stripping libraries is possible
configure:11924: result: yes
configure:13260: checking if libtool supports shared libraries
configure:13262: result: yes
configure:13265: checking whether to build shared libraries
configure:13285: result: yes
configure:13288: checking whether to build static libraries
configure:13292: result: yes
configure:13304: checking for /iraf/iraf/unix/hlib//f77.sh option to produce PIC
configure:13508: result: -fPIC
configure:13516: checking if /iraf/iraf/unix/hlib//f77.sh PIC flag -fPIC works
configure:13537: /iraf/iraf/unix/hlib//f77.sh -c -g -fPIC conftest.f >&5
conftest.f:
   t:
configure:13541: $? = 0
configure:13551: result: yes
configure:13575: checking if /iraf/iraf/unix/hlib//f77.sh supports -c -o file.o
configure:13599: /iraf/iraf/unix/hlib//f77.sh -c -g -o out/conftest2.o conftest.f >&5
conftest.f:
   t:
configure:13603: $? = 0
configure:13622: result: no
configure:13648: checking whether the /iraf/iraf/unix/hlib//f77.sh linker (/usr/bin/ld) supports shared libraries
configure:14524: result: yes
configure:14595: checking dynamic linker characteristics
configure:15149: result: GNU/Linux ld.so
configure:15153: checking how to hardcode library paths into programs
configure:15178: result: immediate
configure:15192: checking whether stripping libraries is possible
configure:15197: result: yes
configure:19456: result: 
configure:19458: result: [1mPlatform Environment:[m
configure:19484: checking stdio.h usability
configure:19496: gcc -c -O2  conftest.c >&5
configure:19502: $? = 0
configure:19506: test -z 
			 || test ! -s conftest.err
configure:19509: $? = 0
configure:19512: test -s conftest.o
configure:19515: $? = 0
configure:19525: result: yes
configure:19529: checking stdio.h presence
configure:19539: gcc -E  conftest.c
configure:19545: $? = 0
configure:19565: result: yes
configure:19600: checking for stdio.h
configure:19607: result: yes
configure:19475: checking for stdlib.h
configure:19480: result: yes
configure:19475: checking for string.h
configure:19480: result: yes
configure:19484: checking errno.h usability
configure:19496: gcc -c -O2  conftest.c >&5
configure:19502: $? = 0
configure:19506: test -z 
			 || test ! -s conftest.err
configure:19509: $? = 0
configure:19512: test -s conftest.o
configure:19515: $? = 0
configure:19525: result: yes
configure:19529: checking errno.h presence
configure:19539: gcc -E  conftest.c
configure:19545: $? = 0
configure:19565: result: yes
configure:19600: checking for errno.h
configure:19607: result: yes
configure:19484: checking limits.h usability
configure:19496: gcc -c -O2  conftest.c >&5
configure:19502: $? = 0
configure:19506: test -z 
			 || test ! -s conftest.err
configure:19509: $? = 0
configure:19512: test -s conftest.o
configure:19515: $? = 0
configure:19525: result: yes
configure:19529: checking limits.h presence
configure:19539: gcc -E  conftest.c
configure:19545: $? = 0
configure:19565: result: yes
configure:19600: checking for limits.h
configure:19607: result: yes
configure:19475: checking for unistd.h
configure:19480: result: yes
configure:19484: checking fcntl.h usability
configure:19496: gcc -c -O2  conftest.c >&5
configure:19502: $? = 0
configure:19506: test -z 
			 || test ! -s conftest.err
configure:19509: $? = 0
configure:19512: test -s conftest.o
configure:19515: $? = 0
configure:19525: result: yes
configure:19529: checking fcntl.h presence
configure:19539: gcc -E  conftest.c
configure:19545: $? = 0
configure:19565: result: yes
configure:19600: checking for fcntl.h
configure:19607: result: yes
configure:19475: checking for sys/stat.h
configure:19480: result: yes
configure:19475: checking for sys/types.h
configure:19480: result: yes
configure:19666: result: decision on mandatory system headers... all fine
configure:19676: checking for memory.h
configure:19681: result: yes
configure:19827: checking for memcpy
configure:19884: gcc -o conftest -O2   conftest.c  >&5
conftest.c:57: warning: conflicting types for built-in function `memcpy'
configure:19890: $? = 0
configure:19894: test -z 
			 || test ! -s conftest.err
configure:19897: $? = 0
configure:19900: test -s conftest
configure:19903: $? = 0
configure:19915: result: yes
configure:19827: checking for memset
configure:19884: gcc -o conftest -O2   conftest.c  >&5
conftest.c:58: warning: conflicting types for built-in function `memset'
configure:19890: $? = 0
configure:19894: test -z 
			 || test ! -s conftest.err
configure:19897: $? = 0
configure:19900: test -s conftest
configure:19903: $? = 0
configure:19915: result: yes
configure:19827: checking for bcopy
configure:19884: gcc -o conftest -O2   conftest.c  >&5
configure:19890: $? = 0
configure:19894: test -z 
			 || test ! -s conftest.err
configure:19897: $? = 0
configure:19900: test -s conftest
configure:19903: $? = 0
configure:19915: result: yes
configure:19925: checking for _POSIX_PATH_MAX in limits.h
configure:19953: result: yes
configure:19963: checking for PATH_MAX in limits.h
configure:19991: result: yes
configure:20001: checking for _POSIX_CHILD_MAX in limits.h
configure:20029: result: yes
configure:20039: checking for CHILD_MAX in limits.h
configure:20067: result: yes
configure:20091: checking sys/param.h usability
configure:20103: gcc -c -O2  conftest.c >&5
configure:20109: $? = 0
configure:20113: test -z 
			 || test ! -s conftest.err
configure:20116: $? = 0
configure:20119: test -s conftest.o
configure:20122: $? = 0
configure:20132: result: yes
configure:20136: checking sys/param.h presence
configure:20146: gcc -E  conftest.c
configure:20152: $? = 0
configure:20172: result: yes
configure:20207: checking for sys/param.h
configure:20214: result: yes
configure:20227: checking for MAXPATHLEN in sys/param.h
configure:20255: result: yes
configure:20285: result: 
configure:20287: result: [1mVirtual Memory Page Size:[m
configure:20297: checking for unistd.h
configure:20302: result: yes
configure:20306: checking kernel/OS.h usability
configure:20318: gcc -c -O2  conftest.c >&5
conftest.c:77:23: kernel/OS.h: No such file or directory
configure:20324: $? = 1
configure: failed program was:
| /* confdefs.h.  */
| 
| #define PACKAGE_NAME ""
| #define PACKAGE_TARNAME ""
| #define PACKAGE_VERSION ""
| #define PACKAGE_STRING ""
| #define PACKAGE_BUGREPORT ""
| #define STDC_HEADERS 1
| #define HAVE_SYS_TYPES_H 1
| #define HAVE_SYS_STAT_H 1
| #define HAVE_STDLIB_H 1
| #define HAVE_STRING_H 1
| #define HAVE_MEMORY_H 1
| #define HAVE_STRINGS_H 1
| #define HAVE_INTTYPES_H 1
| #define HAVE_STDINT_H 1
| #define HAVE_UNISTD_H 1
| #define HAVE_DLFCN_H 1
| #ifdef __cplusplus
| extern "C" void std::exit (int) throw (); using std::exit;
| #endif
| #define HAVE_STDIO_H 1
| #define HAVE_STDLIB_H 1
| #define HAVE_STRING_H 1
| #define HAVE_ERRNO_H 1
| #define HAVE_LIMITS_H 1
| #define HAVE_UNISTD_H 1
| #define HAVE_FCNTL_H 1
| #define HAVE_SYS_STAT_H 1
| #define HAVE_SYS_TYPES_H 1
| #define HAVE_MEMORY_H 1
| #define HAVE_MEMCPY 1
| #define HAVE_MEMSET 1
| #define HAVE_BCOPY 1
| #define HAVE__POSIX_PATH_MAX 1
| #define HAVE_PATH_MAX 1
| #define HAVE__POSIX_CHILD_MAX 1
| #define HAVE_CHILD_MAX 1
| #define HAVE_SYS_PARAM_H 1
| #define HAVE_MAXPATHLEN 1
| #define HAVE_UNISTD_H 1
| /* end confdefs.h.  */
| #include <stdio.h>
| #if HAVE_SYS_TYPES_H
| # include <sys/types.h>
| #endif
| #if HAVE_SYS_STAT_H
| # include <sys/stat.h>
| #endif
| #if STDC_HEADERS
| # include <stdlib.h>
| # include <stddef.h>
| #else
| # if HAVE_STDLIB_H
| #  include <stdlib.h>
| # endif
| #endif
| #if HAVE_STRING_H
| # if !STDC_HEADERS && HAVE_MEMORY_H
| #  include <memory.h>
| # endif
| # include <string.h>
| #endif
| #if HAVE_STRINGS_H
| # include <strings.h>
| #endif
| #if HAVE_INTTYPES_H
| # include <inttypes.h>
| #else
| # if HAVE_STDINT_H
| #  include <stdint.h>
| # endif
| #endif
| #if HAVE_UNISTD_H
| # include <unistd.h>
| #endif
| #include <kernel/OS.h>
configure:20347: result: no
configure:20351: checking kernel/OS.h presence
configure:20361: gcc -E  conftest.c
conftest.c:43:23: kernel/OS.h: No such file or directory
configure:20367: $? = 1
configure: failed program was:
| /* confdefs.h.  */
| 
| #define PACKAGE_NAME ""
| #define PACKAGE_TARNAME ""
| #define PACKAGE_VERSION ""
| #define PACKAGE_STRING ""
| #define PACKAGE_BUGREPORT ""
| #define STDC_HEADERS 1
| #define HAVE_SYS_TYPES_H 1
| #define HAVE_SYS_STAT_H 1
| #define HAVE_STDLIB_H 1
| #define HAVE_STRING_H 1
| #define HAVE_MEMORY_H 1
| #define HAVE_STRINGS_H 1
| #define HAVE_INTTYPES_H 1
| #define HAVE_STDINT_H 1
| #define HAVE_UNISTD_H 1
| #define HAVE_DLFCN_H 1
| #ifdef __cplusplus
| extern "C" void std::exit (int) throw (); using std::exit;
| #endif
| #define HAVE_STDIO_H 1
| #define HAVE_STDLIB_H 1
| #define HAVE_STRING_H 1
| #define HAVE_ERRNO_H 1
| #define HAVE_LIMITS_H 1
| #define HAVE_UNISTD_H 1
| #define HAVE_FCNTL_H 1
| #define HAVE_SYS_STAT_H 1
| #define HAVE_SYS_TYPES_H 1
| #define HAVE_MEMORY_H 1
| #define HAVE_MEMCPY 1
| #define HAVE_MEMSET 1
| #define HAVE_BCOPY 1
| #define HAVE__POSIX_PATH_MAX 1
| #define HAVE_PATH_MAX 1
| #define HAVE__POSIX_CHILD_MAX 1
| #define HAVE_CHILD_MAX 1
| #define HAVE_SYS_PARAM_H 1
| #define HAVE_MAXPATHLEN 1
| #define HAVE_UNISTD_H 1
| /* end confdefs.h.  */
| #include <kernel/OS.h>
configure:20387: result: no
configure:20422: checking for kernel/OS.h
configure:20429: result: no
configure:20447: checking for getpagesize
configure:20504: gcc -o conftest -O2   conftest.c  >&5
configure:20510: $? = 0
configure:20514: test -z 
			 || test ! -s conftest.err
configure:20517: $? = 0
configure:20520: test -s conftest
configure:20523: $? = 0
configure:20535: result: yes
configure:20447: checking for sysconf
configure:20504: gcc -o conftest -O2   conftest.c  >&5
configure:20510: $? = 0
configure:20514: test -z 
			 || test ! -s conftest.err
configure:20517: $? = 0
configure:20520: test -s conftest
configure:20523: $? = 0
configure:20535: result: yes
configure:20545: checking for _SC_PAGESIZE in unistd.h
configure:20573: result: yes
configure:20583: checking for B_PAGE_SIZE in kernel/OS.h
conftest.c:47:23: kernel/OS.h: No such file or directory
configure:20611: result: no
configure:20744: result: decision on memory page size determination... POSIX.1 sysconf(_SC_PAGESIZE)
configure:20754: result: 
configure:20756: result: [1mShared Memory Implementation:[m
configure:20774: checking sys/mman.h usability
configure:20786: gcc -c -O2  conftest.c >&5
configure:20792: $? = 0
configure:20796: test -z 
			 || test ! -s conftest.err
configure:20799: $? = 0
configure:20802: test -s conftest.o
configure:20805: $? = 0
configure:20815: result: yes
configure:20819: checking sys/mman.h presence
configure:20829: gcc -E  conftest.c
configure:20835: $? = 0
configure:20855: result: yes
configure:20890: checking for sys/mman.h
configure:20897: result: yes
configure:20910: checking for MAP_ANON in sys/mman.h
configure:20938: result: yes
configure:20955: checking for mmap
configure:21012: gcc -o conftest -O2   conftest.c  >&5
configure:21018: $? = 0
configure:21022: test -z 
			 || test ! -s conftest.err
configure:21025: $? = 0
configure:21028: test -s conftest
configure:21031: $? = 0
configure:21043: result: yes
configure:20955: checking for munmap
configure:21012: gcc -o conftest -O2   conftest.c  >&5
configure:21018: $? = 0
configure:21022: test -z 
			 || test ! -s conftest.err
configure:21025: $? = 0
configure:21028: test -s conftest
configure:21031: $? = 0
configure:21043: result: yes
configure:20955: checking for shm_open
configure:21012: gcc -o conftest -O2   conftest.c  >&5
/tmp/ccoY1UbN.o(.text+0x11): In function `main':
: undefined reference to `shm_open'
/tmp/ccoY1UbN.o(.data+0x0): undefined reference to `shm_open'
collect2: ld returned 1 exit status
configure:21018: $? = 1
configure: failed program was:
| /* confdefs.h.  */
| 
| #define PACKAGE_NAME ""
| #define PACKAGE_TARNAME ""
| #define PACKAGE_VERSION ""
| #define PACKAGE_STRING ""
| #define PACKAGE_BUGREPORT ""
| #define STDC_HEADERS 1
| #define HAVE_SYS_TYPES_H 1
| #define HAVE_SYS_STAT_H 1
| #define HAVE_STDLIB_H 1
| #define HAVE_STRING_H 1
| #define HAVE_MEMORY_H 1
| #define HAVE_STRINGS_H 1
| #define HAVE_INTTYPES_H 1
| #define HAVE_STDINT_H 1
| #define HAVE_UNISTD_H 1
| #define HAVE_DLFCN_H 1
| #ifdef __cplusplus
| extern "C" void std::exit (int) throw (); using std::exit;
| #endif
| #define HAVE_STDIO_H 1
| #define HAVE_STDLIB_H 1
| #define HAVE_STRING_H 1
| #define HAVE_ERRNO_H 1
| #define HAVE_LIMITS_H 1
| #define HAVE_UNISTD_H 1
| #define HAVE_FCNTL_H 1
| #define HAVE_SYS_STAT_H 1
| #define HAVE_SYS_TYPES_H 1
| #define HAVE_MEMORY_H 1
| #define HAVE_MEMCPY 1
| #define HAVE_MEMSET 1
| #define HAVE_BCOPY 1
| #define HAVE__POSIX_PATH_MAX 1
| #define HAVE_PATH_MAX 1
| #define HAVE__POSIX_CHILD_MAX 1
| #define HAVE_CHILD_MAX 1
| #define HAVE_SYS_PARAM_H 1
| #define HAVE_MAXPATHLEN 1
| #define HAVE_UNISTD_H 1
| #define HAVE_GETPAGESIZE 1
| #define HAVE_SYSCONF 1
| #define HAVE__SC_PAGESIZE 1
| #define MM_VMPS_SYSCONF 1
| #define HAVE_SYS_MMAN_H 1
| #define HAVE_MAP_ANON 1
| #define HAVE_MMAP 1
| #define HAVE_MUNMAP 1
| /* end confdefs.h.  */
| /* Define shm_open to an innocuous variant, in case <limits.h> declares shm_open.
|    For example, HP-UX 11i <limits.h> declares gettimeofday.  */
| #define shm_open innocuous_shm_open
| 
| /* System header to define __stub macros and hopefully few prototypes,
|     which can conflict with char shm_open (); below.
|     Prefer <limits.h> to <assert.h> if __STDC__ is defined, since
|     <limits.h> exists even on freestanding compilers.  */
| 
| #ifdef __STDC__
| # include <limits.h>
| #else
| # include <assert.h>
| #endif
| 
| #undef shm_open
| 
| /* Override any gcc2 internal prototype to avoid an error.  */
| #ifdef __cplusplus
| extern "C"
| {
| #endif
| /* We use char because int might match the return type of a gcc2
|    builtin and then its argument prototype would still apply.  */
| char shm_open ();
| /* The GNU C library defines this for functions which it implements
|     to always fail with ENOSYS.  Some functions are actually named
|     something starting with __ and the normal name is an alias.  */
| #if defined (__stub_shm_open) || defined (__stub___shm_open)
| choke me
| #else
| char (*f) () = shm_open;
| #endif
| #ifdef __cplusplus
| }
| #endif
| 
| int
| main ()
| {
| return f != shm_open;
|   ;
|   return 0;
| }
configure:21043: result: no
configure:20955: checking for shm_unlink
configure:21012: gcc -o conftest -O2   conftest.c  >&5
/tmp/ccAI66QY.o(.text+0x11): In function `main':
: undefined reference to `shm_unlink'
/tmp/ccAI66QY.o(.data+0x0): undefined reference to `shm_unlink'
collect2: ld returned 1 exit status
configure:21018: $? = 1
configure: failed program was:
| /* confdefs.h.  */
| 
| #define PACKAGE_NAME ""
| #define PACKAGE_TARNAME ""
| #define PACKAGE_VERSION ""
| #define PACKAGE_STRING ""
| #define PACKAGE_BUGREPORT ""
| #define STDC_HEADERS 1
| #define HAVE_SYS_TYPES_H 1
| #define HAVE_SYS_STAT_H 1
| #define HAVE_STDLIB_H 1
| #define HAVE_STRING_H 1
| #define HAVE_MEMORY_H 1
| #define HAVE_STRINGS_H 1
| #define HAVE_INTTYPES_H 1
| #define HAVE_STDINT_H 1
| #define HAVE_UNISTD_H 1
| #define HAVE_DLFCN_H 1
| #ifdef __cplusplus
| extern "C" void std::exit (int) throw (); using std::exit;
| #endif
| #define HAVE_STDIO_H 1
| #define HAVE_STDLIB_H 1
| #define HAVE_STRING_H 1
| #define HAVE_ERRNO_H 1
| #define HAVE_LIMITS_H 1
| #define HAVE_UNISTD_H 1
| #define HAVE_FCNTL_H 1
| #define HAVE_SYS_STAT_H 1
| #define HAVE_SYS_TYPES_H 1
| #define HAVE_MEMORY_H 1
| #define HAVE_MEMCPY 1
| #define HAVE_MEMSET 1
| #define HAVE_BCOPY 1
| #define HAVE__POSIX_PATH_MAX 1
| #define HAVE_PATH_MAX 1
| #define HAVE__POSIX_CHILD_MAX 1
| #define HAVE_CHILD_MAX 1
| #define HAVE_SYS_PARAM_H 1
| #define HAVE_MAXPATHLEN 1
| #define HAVE_UNISTD_H 1
| #define HAVE_GETPAGESIZE 1
| #define HAVE_SYSCONF 1
| #define HAVE__SC_PAGESIZE 1
| #define MM_VMPS_SYSCONF 1
| #define HAVE_SYS_MMAN_H 1
| #define HAVE_MAP_ANON 1
| #define HAVE_MMAP 1
| #define HAVE_MUNMAP 1
| /* end confdefs.h.  */
| /* Define shm_unlink to an innocuous variant, in case <limits.h> declares shm_unlink.
|    For example, HP-UX 11i <limits.h> declares gettimeofday.  */
| #define shm_unlink innocuous_shm_unlink
| 
| /* System header to define __stub macros and hopefully few prototypes,
|     which can conflict with char shm_unlink (); below.
|     Prefer <limits.h> to <assert.h> if __STDC__ is defined, since
|     <limits.h> exists even on freestanding compilers.  */
| 
| #ifdef __STDC__
| # include <limits.h>
| #else
| # include <assert.h>
| #endif
| 
| #undef shm_unlink
| 
| /* Override any gcc2 internal prototype to avoid an error.  */
| #ifdef __cplusplus
| extern "C"
| {
| #endif
| /* We use char because int might match the return type of a gcc2
|    builtin and then its argument prototype would still apply.  */
| char shm_unlink ();
| /* The GNU C library defines this for functions which it implements
|     to always fail with ENOSYS.  Some functions are actually named
|     something starting with __ and the normal name is an alias.  */
| #if defined (__stub_shm_unlink) || defined (__stub___shm_unlink)
| choke me
| #else
| char (*f) () = shm_unlink;
| #endif
| #ifdef __cplusplus
| }
| #endif
| 
| int
| main ()
| {
| return f != shm_unlink;
|   ;
|   return 0;
| }
configure:21043: result: no
configure:21055: checking for /dev/zero
configure:21069: result: yes
configure:21094: checking sys/ipc.h usability
configure:21106: gcc -c -O2  conftest.c >&5
configure:21112: $? = 0
configure:21116: test -z 
			 || test ! -s conftest.err
configure:21119: $? = 0
configure:21122: test -s conftest.o
configure:21125: $? = 0
configure:21135: result: yes
configure:21139: checking sys/ipc.h presence
configure:21149: gcc -E  conftest.c
configure:21155: $? = 0
configure:21175: result: yes
configure:21210: checking for sys/ipc.h
configure:21217: result: yes
configure:21094: checking sys/shm.h usability
configure:21106: gcc -c -O2  conftest.c >&5
configure:21112: $? = 0
configure:21116: test -z 
			 || test ! -s conftest.err
configure:21119: $? = 0
configure:21122: test -s conftest.o
configure:21125: $? = 0
configure:21135: result: yes
configure:21139: checking sys/shm.h presence
configure:21149: gcc -E  conftest.c
configure:21155: $? = 0
configure:21175: result: yes
configure:21210: checking for sys/shm.h
configure:21217: result: yes
configure:21094: checking sys/file.h usability
configure:21106: gcc -c -O2  conftest.c >&5
configure:21112: $? = 0
configure:21116: test -z 
			 || test ! -s conftest.err
configure:21119: $? = 0
configure:21122: test -s conftest.o
configure:21125: $? = 0
configure:21135: result: yes
configure:21139: checking sys/file.h presence
configure:21149: gcc -E  conftest.c
configure:21155: $? = 0
configure:21175: result: yes
configure:21210: checking for sys/file.h
configure:21217: result: yes
configure:21237: checking for shmget
configure:21294: gcc -o conftest -O2   conftest.c  >&5
configure:21300: $? = 0
configure:21304: test -z 
			 || test ! -s conftest.err
configure:21307: $? = 0
configure:21310: test -s conftest
configure:21313: $? = 0
configure:21325: result: yes
configure:21237: checking for shmat
configure:21294: gcc -o conftest -O2   conftest.c  >&5
configure:21300: $? = 0
configure:21304: test -z 
			 || test ! -s conftest.err
configure:21307: $? = 0
configure:21310: test -s conftest
configure:21313: $? = 0
configure:21325: result: yes
configure:21237: checking for shmdt
configure:21294: gcc -o conftest -O2   conftest.c  >&5
configure:21300: $? = 0
configure:21304: test -z 
			 || test ! -s conftest.err
configure:21307: $? = 0
configure:21310: test -s conftest
configure:21313: $? = 0
configure:21325: result: yes
configure:21237: checking for shmctl
configure:21294: gcc -o conftest -O2   conftest.c  >&5
configure:21300: $? = 0
configure:21304: test -z 
			 || test ! -s conftest.err
configure:21307: $? = 0
configure:21310: test -s conftest
configure:21313: $? = 0
configure:21325: result: yes
configure:21340: checking for kernel/OS.h
configure:21345: result: no
configure:21489: checking for create_area
configure:21546: gcc -o conftest -O2   conftest.c  >&5
/tmp/ccYnoDA7.o(.text+0x11): In function `main':
: undefined reference to `create_area'
/tmp/ccYnoDA7.o(.data+0x0): undefined reference to `create_area'
collect2: ld returned 1 exit status
configure:21552: $? = 1
configure: failed program was:
| /* confdefs.h.  */
| 
| #define PACKAGE_NAME ""
| #define PACKAGE_TARNAME ""
| #define PACKAGE_VERSION ""
| #define PACKAGE_STRING ""
| #define PACKAGE_BUGREPORT ""
| #define STDC_HEADERS 1
| #define HAVE_SYS_TYPES_H 1
| #define HAVE_SYS_STAT_H 1
| #define HAVE_STDLIB_H 1
| #define HAVE_STRING_H 1
| #define HAVE_MEMORY_H 1
| #define HAVE_STRINGS_H 1
| #define HAVE_INTTYPES_H 1
| #define HAVE_STDINT_H 1
| #define HAVE_UNISTD_H 1
| #define HAVE_DLFCN_H 1
| #ifdef __cplusplus
| extern "C" void std::exit (int) throw (); using std::exit;
| #endif
| #define HAVE_STDIO_H 1
| #define HAVE_STDLIB_H 1
| #define HAVE_STRING_H 1
| #define HAVE_ERRNO_H 1
| #define HAVE_LIMITS_H 1
| #define HAVE_UNISTD_H 1
| #define HAVE_FCNTL_H 1
| #define HAVE_SYS_STAT_H 1
| #define HAVE_SYS_TYPES_H 1
| #define HAVE_MEMORY_H 1
| #define HAVE_MEMCPY 1
| #define HAVE_MEMSET 1
| #define HAVE_BCOPY 1
| #define HAVE__POSIX_PATH_MAX 1
| #define HAVE_PATH_MAX 1
| #define HAVE__POSIX_CHILD_MAX 1
| #define HAVE_CHILD_MAX 1
| #define HAVE_SYS_PARAM_H 1
| #define HAVE_MAXPATHLEN 1
| #define HAVE_UNISTD_H 1
| #define HAVE_GETPAGESIZE 1
| #define HAVE_SYSCONF 1
| #define HAVE__SC_PAGESIZE 1
| #define MM_VMPS_SYSCONF 1
| #define HAVE_SYS_MMAN_H 1
| #define HAVE_MAP_ANON 1
| #define HAVE_MMAP 1
| #define HAVE_MUNMAP 1
| #define HAVE_SYS_IPC_H 1
| #define HAVE_SYS_SHM_H 1
| #define HAVE_SYS_FILE_H 1
| #define HAVE_SHMGET 1
| #define HAVE_SHMAT 1
| #define HAVE_SHMDT 1
| #define HAVE_SHMCTL 1
| /* end confdefs.h.  */
| /* Define create_area to an innocuous variant, in case <limits.h> declares create_area.
|    For example, HP-UX 11i <limits.h> declares gettimeofday.  */
| #define create_area innocuous_create_area
| 
| /* System header to define __stub macros and hopefully few prototypes,
|     which can conflict with char create_area (); below.
|     Prefer <limits.h> to <assert.h> if __STDC__ is defined, since
|     <limits.h> exists even on freestanding compilers.  */
| 
| #ifdef __STDC__
| # include <limits.h>
| #else
| # include <assert.h>
| #endif
| 
| #undef create_area
| 
| /* Override any gcc2 internal prototype to avoid an error.  */
| #ifdef __cplusplus
| extern "C"
| {
| #endif
| /* We use char because int might match the return type of a gcc2
|    builtin and then its argument prototype would still apply.  */
| char create_area ();
| /* The GNU C library defines this for functions which it implements
|     to always fail with ENOSYS.  Some functions are actually named
|     something starting with __ and the normal name is an alias.  */
| #if defined (__stub_create_area) || defined (__stub___create_area)
| choke me
| #else
| char (*f) () = create_area;
| #endif
| #ifdef __cplusplus
| }
| #endif
| 
| int
| main ()
| {
| return f != create_area;
|   ;
|   return 0;
| }
configure:21577: result: no
configure:21888: result: decision on shared memory allocation method... SysV IPC shmget()
configure:21897: checking for shared memory maximum segment size
configure:22053: gcc -o conftest -DTEST_SHMGET -O2   conftest.c  >&5
configure:22056: $? = 0
configure:22058: ./conftest
configure:22061: $? = 0
configure:22098: result: 32MB
configure:22108: result: 
configure:22110: result: [1mMutual Exclusion Implementation:[m
configure:22121: checking for sys/ipc.h
configure:22126: result: yes
configure:22130: checking sys/sem.h usability
configure:22142: gcc -c -O2  conftest.c >&5
configure:22148: $? = 0
configure:22152: test -z 
			 || test ! -s conftest.err
configure:22155: $? = 0
configure:22158: test -s conftest.o
configure:22161: $? = 0
configure:22171: result: yes
configure:22175: checking sys/sem.h presence
configure:22185: gcc -E  conftest.c
configure:22191: $? = 0
configure:22211: result: yes
configure:22246: checking for sys/sem.h
configure:22253: result: yes
configure:22121: checking for sys/file.h
configure:22126: result: yes
configure:22271: checking for semget
configure:22328: gcc -o conftest -O2   conftest.c  >&5
configure:22334: $? = 0
configure:22338: test -z 
			 || test ! -s conftest.err
configure:22341: $? = 0
configure:22344: test -s conftest
configure:22347: $? = 0
configure:22359: result: yes
configure:22271: checking for semctl
configure:22328: gcc -o conftest -O2   conftest.c  >&5
configure:22334: $? = 0
configure:22338: test -z 
			 || test ! -s conftest.err
configure:22341: $? = 0
configure:22344: test -s conftest
configure:22347: $? = 0
configure:22359: result: yes
configure:22369: checking for LOCK_EX in sys/file.h
configure:22397: result: yes
configure:22407: checking for F_SETLK in fcntl.h
configure:22435: result: yes
configure:22445: checking for IPC_PRIVATE in sys/ipc.h
configure:22473: result: yes
configure:22483: checking for SEM_UNDO in sys/sem.h
configure:22511: result: yes
configure:22526: checking for kernel/OS.h
configure:22531: result: no
configure:22675: checking for create_sem
configure:22732: gcc -o conftest -O2   conftest.c  >&5
/tmp/ccGbrmhZ.o(.text+0x11): In function `main':
: undefined reference to `create_sem'
/tmp/ccGbrmhZ.o(.data+0x0): undefined reference to `create_sem'
collect2: ld returned 1 exit status
configure:22738: $? = 1
configure: failed program was:
| /* confdefs.h.  */
| 
| #define PACKAGE_NAME ""
| #define PACKAGE_TARNAME ""
| #define PACKAGE_VERSION ""
| #define PACKAGE_STRING ""
| #define PACKAGE_BUGREPORT ""
| #define STDC_HEADERS 1
| #define HAVE_SYS_TYPES_H 1
| #define HAVE_SYS_STAT_H 1
| #define HAVE_STDLIB_H 1
| #define HAVE_STRING_H 1
| #define HAVE_MEMORY_H 1
| #define HAVE_STRINGS_H 1
| #define HAVE_INTTYPES_H 1
| #define HAVE_STDINT_H 1
| #define HAVE_UNISTD_H 1
| #define HAVE_DLFCN_H 1
| #ifdef __cplusplus
| extern "C" void std::exit (int) throw (); using std::exit;
| #endif
| #define HAVE_STDIO_H 1
| #define HAVE_STDLIB_H 1
| #define HAVE_STRING_H 1
| #define HAVE_ERRNO_H 1
| #define HAVE_LIMITS_H 1
| #define HAVE_UNISTD_H 1
| #define HAVE_FCNTL_H 1
| #define HAVE_SYS_STAT_H 1
| #define HAVE_SYS_TYPES_H 1
| #define HAVE_MEMORY_H 1
| #define HAVE_MEMCPY 1
| #define HAVE_MEMSET 1
| #define HAVE_BCOPY 1
| #define HAVE__POSIX_PATH_MAX 1
| #define HAVE_PATH_MAX 1
| #define HAVE__POSIX_CHILD_MAX 1
| #define HAVE_CHILD_MAX 1
| #define HAVE_SYS_PARAM_H 1
| #define HAVE_MAXPATHLEN 1
| #define HAVE_UNISTD_H 1
| #define HAVE_GETPAGESIZE 1
| #define HAVE_SYSCONF 1
| #define HAVE__SC_PAGESIZE 1
| #define MM_VMPS_SYSCONF 1
| #define HAVE_SYS_MMAN_H 1
| #define HAVE_MAP_ANON 1
| #define HAVE_MMAP 1
| #define HAVE_MUNMAP 1
| #define HAVE_SYS_IPC_H 1
| #define HAVE_SYS_SHM_H 1
| #define HAVE_SYS_FILE_H 1
| #define HAVE_SHMGET 1
| #define HAVE_SHMAT 1
| #define HAVE_SHMDT 1
| #define HAVE_SHMCTL 1
| #define MM_SHMT_IPCSHM 1
| #define MM_SHM_MAXSEGSIZE 33554432
| #define HAVE_SYS_IPC_H 1
| #define HAVE_SYS_SEM_H 1
| #define HAVE_SYS_FILE_H 1
| #define HAVE_SEMGET 1
| #define HAVE_SEMCTL 1
| #define HAVE_LOCK_EX 1
| #define HAVE_F_SETLK 1
| #define HAVE_IPC_PRIVATE 1
| #define HAVE_SEM_UNDO 1
| /* end confdefs.h.  */
| /* Define create_sem to an innocuous variant, in case <limits.h> declares create_sem.
|    For example, HP-UX 11i <limits.h> declares gettimeofday.  */
| #define create_sem innocuous_create_sem
| 
| /* System header to define __stub macros and hopefully few prototypes,
|     which can conflict with char create_sem (); below.
|     Prefer <limits.h> to <assert.h> if __STDC__ is defined, since
|     <limits.h> exists even on freestanding compilers.  */
| 
| #ifdef __STDC__
| # include <limits.h>
| #else
| # include <assert.h>
| #endif
| 
| #undef create_sem
| 
| /* Override any gcc2 internal prototype to avoid an error.  */
| #ifdef __cplusplus
| extern "C"
| {
| #endif
| /* We use char because int might match the return type of a gcc2
|    builtin and then its argument prototype would still apply.  */
| char create_sem ();
| /* The GNU C library defines this for functions which it implements
|     to always fail with ENOSYS.  Some functions are actually named
|     something starting with __ and the normal name is an alias.  */
| #if defined (__stub_create_sem) || defined (__stub___create_sem)
| choke me
| #else
| char (*f) () = create_sem;
| #endif
| #ifdef __cplusplus
| }
| #endif
| 
| int
| main ()
| {
| return f != create_sem;
|   ;
|   return 0;
| }
configure:22763: result: no
configure:22774: checking whether union semun is defined in sys/sem.h
configure:22799: gcc -c -O2  conftest.c >&5
conftest.c: In function `main':
conftest.c:78: storage size of `arg' isn't known
configure:22805: $? = 1
configure: failed program was:
| /* confdefs.h.  */
| 
| #define PACKAGE_NAME ""
| #define PACKAGE_TARNAME ""
| #define PACKAGE_VERSION ""
| #define PACKAGE_STRING ""
| #define PACKAGE_BUGREPORT ""
| #define STDC_HEADERS 1
| #define HAVE_SYS_TYPES_H 1
| #define HAVE_SYS_STAT_H 1
| #define HAVE_STDLIB_H 1
| #define HAVE_STRING_H 1
| #define HAVE_MEMORY_H 1
| #define HAVE_STRINGS_H 1
| #define HAVE_INTTYPES_H 1
| #define HAVE_STDINT_H 1
| #define HAVE_UNISTD_H 1
| #define HAVE_DLFCN_H 1
| #ifdef __cplusplus
| extern "C" void std::exit (int) throw (); using std::exit;
| #endif
| #define HAVE_STDIO_H 1
| #define HAVE_STDLIB_H 1
| #define HAVE_STRING_H 1
| #define HAVE_ERRNO_H 1
| #define HAVE_LIMITS_H 1
| #define HAVE_UNISTD_H 1
| #define HAVE_FCNTL_H 1
| #define HAVE_SYS_STAT_H 1
| #define HAVE_SYS_TYPES_H 1
| #define HAVE_MEMORY_H 1
| #define HAVE_MEMCPY 1
| #define HAVE_MEMSET 1
| #define HAVE_BCOPY 1
| #define HAVE__POSIX_PATH_MAX 1
| #define HAVE_PATH_MAX 1
| #define HAVE__POSIX_CHILD_MAX 1
| #define HAVE_CHILD_MAX 1
| #define HAVE_SYS_PARAM_H 1
| #define HAVE_MAXPATHLEN 1
| #define HAVE_UNISTD_H 1
| #define HAVE_GETPAGESIZE 1
| #define HAVE_SYSCONF 1
| #define HAVE__SC_PAGESIZE 1
| #define MM_VMPS_SYSCONF 1
| #define HAVE_SYS_MMAN_H 1
| #define HAVE_MAP_ANON 1
| #define HAVE_MMAP 1
| #define HAVE_MUNMAP 1
| #define HAVE_SYS_IPC_H 1
| #define HAVE_SYS_SHM_H 1
| #define HAVE_SYS_FILE_H 1
| #define HAVE_SHMGET 1
| #define HAVE_SHMAT 1
| #define HAVE_SHMDT 1
| #define HAVE_SHMCTL 1
| #define MM_SHMT_IPCSHM 1
| #define MM_SHM_MAXSEGSIZE 33554432
| #define HAVE_SYS_IPC_H 1
| #define HAVE_SYS_SEM_H 1
| #define HAVE_SYS_FILE_H 1
| #define HAVE_SEMGET 1
| #define HAVE_SEMCTL 1
| #define HAVE_LOCK_EX 1
| #define HAVE_F_SETLK 1
| #define HAVE_IPC_PRIVATE 1
| #define HAVE_SEM_UNDO 1
| /* end confdefs.h.  */
| 
| #include <sys/types.h>
| #include <sys/ipc.h>
| #include <sys/sem.h>
| 
| int
| main ()
| {
| 
| union semun arg;
| semctl(0, 0, 0, arg);
| 
|   ;
|   return 0;
| }
configure:22833: result: no
configure:23003: result: decision on mutex implementation method... SVR4-style fcntl() on temporary file
configure:23013: result: 
configure:23015: result: [1mOutput Substitution:[m
configure:23120: creating ./config.status

## ---------------------- ##
## Running config.status. ##
## ---------------------- ##

This file was extended by config.status, which was
generated by GNU Autoconf 2.59 (OpenPKG-CURRENT).  Invocation command line was

  CONFIG_FILES    = 
  CONFIG_HEADERS  = 
  CONFIG_LINKS    = 
  CONFIG_COMMANDS = 
  $ ./config.status 

on tucana.tuc.noao.edu

config.status:675: creating Makefile
config.status:675: creating mm-config
config.status:778: creating config.h
config.status:1152: executing adjustment commands

## ---------------- ##
## Cache variables. ##
## ---------------- ##

ac_cv_build=i686-pc-linux-gnu
ac_cv_build_alias=i686-pc-linux-gnu
ac_cv_c_compiler_gnu=yes
ac_cv_cxx_compiler_gnu=yes
ac_cv_define_B_PAGE_SIZE=no
ac_cv_define_CHILD_MAX=yes
ac_cv_define_F_SETLK=yes
ac_cv_define_IPC_PRIVATE=yes
ac_cv_define_LOCK_EX=yes
ac_cv_define_MAP_ANON=yes
ac_cv_define_MAXPATHLEN=yes
ac_cv_define_PATH_MAX=yes
ac_cv_define_SEM_UNDO=yes
ac_cv_define__POSIX_CHILD_MAX=yes
ac_cv_define__POSIX_PATH_MAX=yes
ac_cv_define__SC_PAGESIZE=yes
ac_cv_env_CC_set=set
ac_cv_env_CC_value=gcc
ac_cv_env_CFLAGS_set=
ac_cv_env_CFLAGS_value=
ac_cv_env_CPPFLAGS_set=
ac_cv_env_CPPFLAGS_value=
ac_cv_env_CPP_set=
ac_cv_env_CPP_value=
ac_cv_env_CXXCPP_set=
ac_cv_env_CXXCPP_value=
ac_cv_env_CXXFLAGS_set=
ac_cv_env_CXXFLAGS_value=
ac_cv_env_CXX_set=
ac_cv_env_CXX_value=
ac_cv_env_F77_set=set
ac_cv_env_F77_value=/iraf/iraf/unix/hlib//f77.sh
ac_cv_env_FFLAGS_set=
ac_cv_env_FFLAGS_value=
ac_cv_env_LDFLAGS_set=
ac_cv_env_LDFLAGS_value=
ac_cv_env_build_alias_set=
ac_cv_env_build_alias_value=
ac_cv_env_host_alias_set=
ac_cv_env_host_alias_value=
ac_cv_env_target_alias_set=
ac_cv_env_target_alias_value=
ac_cv_exeext=
ac_cv_f77_compiler_gnu=no
ac_cv_file__dev_zero=yes
ac_cv_func_bcopy=yes
ac_cv_func_create_area=no
ac_cv_func_create_sem=no
ac_cv_func_getpagesize=yes
ac_cv_func_memcpy=yes
ac_cv_func_memset=yes
ac_cv_func_mmap=yes
ac_cv_func_munmap=yes
ac_cv_func_semctl=yes
ac_cv_func_semget=yes
ac_cv_func_shm_open=no
ac_cv_func_shm_unlink=no
ac_cv_func_shmat=yes
ac_cv_func_shmctl=yes
ac_cv_func_shmdt=yes
ac_cv_func_shmget=yes
ac_cv_func_sysconf=yes
ac_cv_header_dlfcn_h=yes
ac_cv_header_errno_h=yes
ac_cv_header_fcntl_h=yes
ac_cv_header_inttypes_h=yes
ac_cv_header_kernel_OS_h=no
ac_cv_header_limits_h=yes
ac_cv_header_memory_h=yes
ac_cv_header_stdc=yes
ac_cv_header_stdint_h=yes
ac_cv_header_stdio_h=yes
ac_cv_header_stdlib_h=yes
ac_cv_header_string_h=yes
ac_cv_header_strings_h=yes
ac_cv_header_sys_file_h=yes
ac_cv_header_sys_ipc_h=yes
ac_cv_header_sys_mman_h=yes
ac_cv_header_sys_param_h=yes
ac_cv_header_sys_sem_h=yes
ac_cv_header_sys_shm_h=yes
ac_cv_header_sys_stat_h=yes
ac_cv_header_sys_types_h=yes
ac_cv_header_unistd_h=yes
ac_cv_host=i686-pc-linux-gnu
ac_cv_host_alias=i686-pc-linux-gnu
ac_cv_maxsegsize=33554432
ac_cv_objext=o
ac_cv_prog_CPP='gcc -E'
ac_cv_prog_CXXCPP='g++ -E'
ac_cv_prog_ac_ct_AR=ar
ac_cv_prog_ac_ct_CC=gcc
ac_cv_prog_ac_ct_CXX=g++
ac_cv_prog_ac_ct_RANLIB=ranlib
ac_cv_prog_ac_ct_STRIP=strip
ac_cv_prog_cc_g=yes
ac_cv_prog_cc_stdc=
ac_cv_prog_cxx_g=yes
ac_cv_prog_egrep='grep -E'
ac_cv_prog_f77_g=yes
ac_cv_prog_make_make_set=yes
lt_cv_deplibs_check_method=pass_all
lt_cv_file_magic_cmd='$MAGIC_CMD'
lt_cv_file_magic_test_file=
lt_cv_ld_reload_flag=-r
lt_cv_objdir=.libs
lt_cv_path_LD=/usr/bin/ld
lt_cv_path_LDCXX=/usr/bin/ld
lt_cv_path_NM='/usr/bin/nm -B'
lt_cv_path_SED=/bin/sed
lt_cv_prog_compiler_c_o=yes
lt_cv_prog_compiler_c_o_CXX=yes
lt_cv_prog_compiler_c_o_F77=no
lt_cv_prog_compiler_rtti_exceptions=yes
lt_cv_prog_gnu_ld=yes
lt_cv_prog_gnu_ldcxx=yes
lt_cv_sys_global_symbol_pipe='sed -n -e '\''s/^.*[ 	]\([ABCDGIRSTW][ABCDGIRSTW]*\)[ 	][ 	]*\([_A-Za-z][_A-Za-z0-9]*\)$/\1 \2 \2/p'\'''
lt_cv_sys_global_symbol_to_c_name_address='sed -n -e '\''s/^: \([^ ]*\) $/  {\"\1\", (lt_ptr) 0},/p'\'' -e '\''s/^[BCDEGRST] \([^ ]*\) \([^ ]*\)$/  {"\2", (lt_ptr) \&\2},/p'\'''
lt_cv_sys_global_symbol_to_cdecl='sed -n -e '\''s/^. .* \(.*\)$/extern int \1;/p'\'''
lt_cv_sys_max_cmd_len=32768
lt_lt_cv_prog_compiler_c_o='"yes"'
lt_lt_cv_prog_compiler_c_o_CXX='"yes"'
lt_lt_cv_prog_compiler_c_o_F77='"no"'
lt_lt_cv_sys_global_symbol_pipe='"sed -n -e '\''s/^.*[ 	]\\([ABCDGIRSTW][ABCDGIRSTW]*\\)[ 	][ 	]*\\([_A-Za-z][_A-Za-z0-9]*\\)\$/\\1 \\2 \\2/p'\''"'
lt_lt_cv_sys_global_symbol_to_c_name_address='"sed -n -e '\''s/^: \\([^ ]*\\) \$/  {\\\"\\1\\\", (lt_ptr) 0},/p'\'' -e '\''s/^[BCDEGRST] \\([^ ]*\\) \\([^ ]*\\)\$/  {\"\\2\", (lt_ptr) \\&\\2},/p'\''"'
lt_lt_cv_sys_global_symbol_to_cdecl='"sed -n -e '\''s/^. .* \\(.*\\)\$/extern int \\1;/p'\''"'

## ----------------- ##
## Output variables. ##
## ----------------- ##

AR='ar'
CC='gcc'
CFLAGS='-O2'
CPP='gcc -E'
CPPFLAGS=''
CXX='g++'
CXXCPP='g++ -E'
CXXFLAGS='-g -O2'
DEFS='-DHAVE_CONFIG_H'
ECHO='echo'
ECHO_C=''
ECHO_N='-n'
ECHO_T=''
EGREP='grep -E'
EXEEXT=''
F77='/iraf/iraf/unix/hlib//f77.sh'
FFLAGS='-g'
LDFLAGS=''
LIBOBJS=''
LIBS=''
LIBTOOL='$(SHELL) $(top_builddir)/libtool'
LN_S='ln -s'
LTLIBOBJS=''
MM_VERSION_STR='1.4.0 (02-Sep-2005)'
OBJEXT='o'
PACKAGE_BUGREPORT=''
PACKAGE_NAME=''
PACKAGE_STRING=''
PACKAGE_TARNAME=''
PACKAGE_VERSION=''
PATH_SEPARATOR=':'
RANLIB='ranlib'
SET_MAKE=''
SHELL='/bin/sh'
SHTOOL='$(TOP)/shtool'
STRIP='strip'
ac_ct_AR='ar'
ac_ct_CC='gcc'
ac_ct_CXX='g++'
ac_ct_F77=''
ac_ct_RANLIB='ranlib'
ac_ct_STRIP='strip'
bindir='${exec_prefix}/bin'
build='i686-pc-linux-gnu'
build_alias=''
build_cpu='i686'
build_os='linux-gnu'
build_vendor='pc'
datadir='${prefix}/share'
exec_prefix='${prefix}'
host='i686-pc-linux-gnu'
host_alias=''
host_cpu='i686'
host_os='linux-gnu'
host_vendor='pc'
includedir='${prefix}/include'
infodir='${prefix}/info'
libdir='${exec_prefix}/lib'
libexecdir='${exec_prefix}/libexec'
localstatedir='${prefix}/var'
mandir='${prefix}/man'
oldincludedir='/usr/include'
prefix='/usr/local'
program_transform_name='s,x,x,'
sbindir='${exec_prefix}/sbin'
sharedstatedir='${prefix}/com'
sysconfdir='${prefix}/etc'
target_alias=''

## ----------- ##
## confdefs.h. ##
## ----------- ##

#define HAVE_BCOPY 1
#define HAVE_CHILD_MAX 1
#define HAVE_DLFCN_H 1
#define HAVE_ERRNO_H 1
#define HAVE_FCNTL_H 1
#define HAVE_F_SETLK 1
#define HAVE_GETPAGESIZE 1
#define HAVE_INTTYPES_H 1
#define HAVE_IPC_PRIVATE 1
#define HAVE_LIMITS_H 1
#define HAVE_LOCK_EX 1
#define HAVE_MAP_ANON 1
#define HAVE_MAXPATHLEN 1
#define HAVE_MEMCPY 1
#define HAVE_MEMORY_H 1
#define HAVE_MEMORY_H 1
#define HAVE_MEMSET 1
#define HAVE_MMAP 1
#define HAVE_MUNMAP 1
#define HAVE_PATH_MAX 1
#define HAVE_SEMCTL 1
#define HAVE_SEMGET 1
#define HAVE_SEM_UNDO 1
#define HAVE_SHMAT 1
#define HAVE_SHMCTL 1
#define HAVE_SHMDT 1
#define HAVE_SHMGET 1
#define HAVE_STDINT_H 1
#define HAVE_STDIO_H 1
#define HAVE_STDLIB_H 1
#define HAVE_STDLIB_H 1
#define HAVE_STRINGS_H 1
#define HAVE_STRING_H 1
#define HAVE_STRING_H 1
#define HAVE_SYSCONF 1
#define HAVE_SYS_FILE_H 1
#define HAVE_SYS_FILE_H 1
#define HAVE_SYS_IPC_H 1
#define HAVE_SYS_IPC_H 1
#define HAVE_SYS_MMAN_H 1
#define HAVE_SYS_PARAM_H 1
#define HAVE_SYS_SEM_H 1
#define HAVE_SYS_SHM_H 1
#define HAVE_SYS_STAT_H 1
#define HAVE_SYS_STAT_H 1
#define HAVE_SYS_TYPES_H 1
#define HAVE_SYS_TYPES_H 1
#define HAVE_UNISTD_H 1
#define HAVE_UNISTD_H 1
#define HAVE_UNISTD_H 1
#define HAVE__POSIX_CHILD_MAX 1
#define HAVE__POSIX_PATH_MAX 1
#define HAVE__SC_PAGESIZE 1
#define MM_SEMT_FCNTL 1
#define MM_SHMT_IPCSHM 1
#define MM_SHM_MAXSEGSIZE 33554432
#define MM_VMPS_SYSCONF 1
#define PACKAGE_BUGREPORT ""
#define PACKAGE_NAME ""
#define PACKAGE_STRING ""
#define PACKAGE_TARNAME ""
#define PACKAGE_VERSION ""
#define STDC_HEADERS 1
#endif
#ifdef __cplusplus
extern "C" void std::exit (int) throw (); using std::exit;

configure: exit 0
